2025-07-14 15:45:32,224 [INFO] root: === 程式開始 ===
2025-07-14 15:45:32,225 [INFO] root: 讀取檔案: resource\250702162359805.xlsm
2025-07-14 15:45:32,225 [INFO] root: 輸出檔案: export\250702162359805_export.xlsm
2025-07-14 15:45:32,556 [INFO] root: 開始處理 CP Summary
2025-07-14 15:45:32,561 [INFO] root: 找到多層標題列於 row 9 和 row 10 (主標題: ['Machine O/H (set)', 'Machine require(set/Wk)', 'Idling tester (set)'], 月份: ['Jul', 'Aug', 'Sep', 'Oct', 'Nov', 'Dec'])
2025-07-14 15:45:32,564 [INFO] excel_proceed.process_cp_sheet: CP Summary: 自動判斷本月起六個月：['Jul', 'Aug', 'Sep', 'Oct', 'Nov', 'Dec']
2025-07-14 15:45:32,655 [INFO] excel_proceed.process_cp_sheet: CP Summary 完成, 共寫入 13 個表格區塊
2025-07-14 15:45:32,655 [INFO] root: CP Summary 完成，已畫出 CP Summary 表格共： 13 個區塊
2025-07-14 15:45:32,655 [INFO] root: 開始處理 FT Summary
2025-07-14 15:45:32,656 [INFO] excel_proceed.process_ft_sheet: 處理工作表: FT Summary
2025-07-14 15:45:32,656 [INFO] excel_proceed.split_ft_tables: 開始尋找 FT Summary 兩個表格的區間（search_limit=100）
2025-07-14 15:45:32,661 [INFO] excel_proceed.split_ft_tables: 區間判定完成，上表: 2-24, 下表: 27-49
2025-07-14 15:45:32,661 [INFO] excel_proceed.process_ft_sheet: FT Summary 兩表範圍: (2, 24), (27, 49)
2025-07-14 15:45:32,661 [INFO] excel_proceed.parse_table: 開始解析表格區間 rows 2-24
2025-07-14 15:45:32,666 [INFO] excel_proceed.parse_table: 成功解析表格資料，共 20 筆
2025-07-14 15:45:32,667 [INFO] excel_proceed.parse_table: 開始解析表格區間 rows 27-49
2025-07-14 15:45:32,669 [INFO] excel_proceed.parse_table: 成功解析表格資料，共 21 筆
2025-07-14 15:45:32,669 [INFO] excel_proceed.process_ft_sheet: 上表資料筆數: 20，下表資料筆數: 21
2025-07-14 15:45:32,670 [INFO] excel_proceed.merge_tables_by_key: 開始合併 table1(20) + table2(21)
2025-07-14 15:45:32,670 [INFO] excel_proceed.merge_tables_by_key: 合併完成，共 21 組 keys
2025-07-14 15:45:32,670 [INFO] excel_proceed.process_ft_sheet: 合併後資料組數: 21
2025-07-14 15:45:32,673 [INFO] excel_proceed.process_ft_sheet: 自動取得六個月: ['Jul', 'Aug', 'Sep', 'Oct', 'Nov', 'Dec']
2025-07-14 15:45:32,692 [INFO] excel_proceed.process_ft_sheet: 完成寫入 4 組表格
2025-07-14 15:45:32,693 [INFO] root: FT Summary 完成，已畫出 FT Summary 表格共： 17 個區塊(累計)
2025-07-14 15:45:32,878 [INFO] root: 已儲存輸出檔案: export\250702162359805_export.xlsm
